{"total": {"lines":{"total":35,"covered":25,"skipped":0,"pct":71.42},"statements":{"total":36,"covered":26,"skipped":0,"pct":72.22},"functions":{"total":11,"covered":7,"skipped":0,"pct":63.63},"branches":{"total":52,"covered":38,"skipped":0,"pct":73.07},"branchesTrue":{"total":0,"covered":0,"skipped":0,"pct":100}}
,"/home/runner/work/react-markdown-preview/react-markdown-preview/src/index.tsx": {"lines":{"total":23,"covered":20,"skipped":0,"pct":86.95},"functions":{"total":4,"covered":4,"skipped":0,"pct":100},"statements":{"total":24,"covered":21,"skipped":0,"pct":87.5},"branches":{"total":42,"covered":34,"skipped":0,"pct":80.95}}
,"/home/runner/work/react-markdown-preview/react-markdown-preview/src/nodes/copy.ts": {"lines":{"total":6,"covered":0,"skipped":0,"pct":0},"functions":{"total":4,"covered":0,"skipped":0,"pct":0},"statements":{"total":6,"covered":0,"skipped":0,"pct":0},"branches":{"total":3,"covered":0,"skipped":0,"pct":0}}
,"/home/runner/work/react-markdown-preview/react-markdown-preview/src/nodes/octiconLink.ts": {"lines":{"total":1,"covered":1,"skipped":0,"pct":100},"functions":{"total":0,"covered":0,"skipped":0,"pct":100},"statements":{"total":1,"covered":1,"skipped":0,"pct":100},"branches":{"total":0,"covered":0,"skipped":0,"pct":100}}
,"/home/runner/work/react-markdown-preview/react-markdown-preview/src/plugins/reservedMeta.ts": {"lines":{"total":5,"covered":4,"skipped":0,"pct":80},"functions":{"total":3,"covered":3,"skipped":0,"pct":100},"statements":{"total":5,"covered":4,"skipped":0,"pct":80},"branches":{"total":7,"covered":4,"skipped":0,"pct":57.14}}
}
