{"total": {"lines":{"total":28,"covered":19,"skipped":0,"pct":67.85},"statements":{"total":29,"covered":20,"skipped":0,"pct":68.96},"functions":{"total":10,"covered":6,"skipped":0,"pct":60},"branches":{"total":45,"covered":34,"skipped":0,"pct":75.55},"branchesTrue":{"total":0,"covered":0,"skipped":0,"pct":100}}
,"/home/runner/work/react-markdown-preview/react-markdown-preview/src/index.tsx": {"lines":{"total":16,"covered":14,"skipped":0,"pct":87.5},"functions":{"total":3,"covered":3,"skipped":0,"pct":100},"statements":{"total":17,"covered":15,"skipped":0,"pct":88.23},"branches":{"total":35,"covered":30,"skipped":0,"pct":85.71}}
,"/home/runner/work/react-markdown-preview/react-markdown-preview/src/nodes/copy.ts": {"lines":{"total":6,"covered":0,"skipped":0,"pct":0},"functions":{"total":4,"covered":0,"skipped":0,"pct":0},"statements":{"total":6,"covered":0,"skipped":0,"pct":0},"branches":{"total":3,"covered":0,"skipped":0,"pct":0}}
,"/home/runner/work/react-markdown-preview/react-markdown-preview/src/nodes/octiconLink.ts": {"lines":{"total":1,"covered":1,"skipped":0,"pct":100},"functions":{"total":0,"covered":0,"skipped":0,"pct":100},"statements":{"total":1,"covered":1,"skipped":0,"pct":100},"branches":{"total":0,"covered":0,"skipped":0,"pct":100}}
,"/home/runner/work/react-markdown-preview/react-markdown-preview/src/plugins/reservedMeta.ts": {"lines":{"total":5,"covered":4,"skipped":0,"pct":80},"functions":{"total":3,"covered":3,"skipped":0,"pct":100},"statements":{"total":5,"covered":4,"skipped":0,"pct":80},"branches":{"total":7,"covered":4,"skipped":0,"pct":57.14}}
}
