TN:
SF:src/index.tsx
FN:38,(anonymous_0)
FN:54,(anonymous_1)
FN:57,(anonymous_2)
FN:83,(anonymous_3)
FNF:4
FNH:4
FNDA:4,(anonymous_0)
FNDA:1,(anonymous_1)
FNDA:19,(anonymous_2)
FNDA:12,(anonymous_3)
DA:52,4
DA:53,4
DA:54,4
DA:55,4
DA:57,4
DA:58,19
DA:59,3
DA:60,3
DA:61,3
DA:62,3
DA:65,19
DA:66,0
DA:67,0
DA:69,19
DA:72,4
DA:82,4
DA:84,12
DA:85,0
DA:87,12
DA:90,4
DA:91,4
DA:93,4
DA:94,4
LF:23
LH:20
BRDA:40,0,0,3
BRDA:44,1,0,4
BRDA:45,2,0,4
BRDA:50,3,0,4
BRDA:55,4,0,4
BRDA:55,4,1,1
BRDA:55,5,0,4
BRDA:55,5,1,4
BRDA:58,6,0,3
BRDA:58,6,1,16
BRDA:58,7,0,19
BRDA:58,7,1,12
BRDA:58,7,2,12
BRDA:58,7,3,3
BRDA:59,8,0,3
BRDA:59,8,1,3
BRDA:60,9,0,3
BRDA:60,9,1,0
BRDA:60,10,0,3
BRDA:60,10,1,3
BRDA:60,10,2,3
BRDA:65,11,0,0
BRDA:65,11,1,19
BRDA:65,12,0,19
BRDA:65,12,1,12
BRDA:65,12,2,0
BRDA:69,13,0,19
BRDA:69,13,1,0
BRDA:80,14,0,4
BRDA:80,14,1,4
BRDA:84,15,0,0
BRDA:84,15,1,12
BRDA:90,16,0,4
BRDA:90,16,1,0
BRDA:93,17,0,4
BRDA:93,17,1,4
BRDA:100,18,0,0
BRDA:100,18,1,4
BRDA:101,19,0,0
BRDA:101,19,1,4
BRDA:102,20,0,4
BRDA:102,20,1,1
BRF:42
BRH:34
end_of_record
TN:
SF:src/nodes/copy.ts
FN:4,copyElement
FN:10,(anonymous_1)
FN:13,(anonymous_2)
FN:14,(anonymous_3)
FNF:4
FNH:0
FNDA:0,copyElement
FNDA:0,(anonymous_1)
FNDA:0,(anonymous_2)
FNDA:0,(anonymous_3)
DA:5,0
DA:11,0
DA:12,0
DA:13,0
DA:14,0
DA:15,0
LF:6
LH:0
BRDA:4,0,0,0
BRDA:11,1,0,0
BRDA:11,1,1,0
BRF:3
BRH:0
end_of_record
TN:
SF:src/nodes/octiconLink.ts
FNF:0
FNH:0
DA:3,1
LF:1
LH:1
BRF:0
BRH:0
end_of_record
TN:
SF:src/plugins/reservedMeta.ts
FN:7,(anonymous_0)
FN:8,(anonymous_1)
FN:9,(anonymous_2)
FNF:3
FNH:3
FNDA:4,(anonymous_0)
FNDA:4,(anonymous_1)
FNDA:10,(anonymous_2)
DA:7,1
DA:8,4
DA:9,4
DA:10,10
DA:11,0
LF:5
LH:4
BRDA:7,0,0,4
BRDA:10,1,0,0
BRDA:10,1,1,10
BRDA:10,2,0,10
BRDA:10,2,1,3
BRDA:10,2,2,0
BRDA:10,2,3,0
BRF:7
BRH:4
end_of_record
